
ROM used:   70/2048 (3%)
            70/2048 (3%) including unused fragments

            0.1 Average locations per line
            5.0 Average locations per statement

RAM used:   6/224 (3%) at main() level
            7/224 (3%) worst case

Stack used: 0 worst case (0 in main + 0 for interrupts)
Stack size: 8

Lines Stmts  %   Files
----- ----- ---  -----
   32    14 100  bcd.c
  521     0   0  ..\..\..\..\Program Files (x86)\PICC\Devices\16f628a.h
----- -----
  553    14 Total

Page ROM  %  RAM    Vol Diff  Functions:
---- --- --- ---    --- ----  ----------
0     21  30    1             @delay_ms1
0     45  64    0    265  3.7  main
 Inline         0             @cinit1

Program metrics:
    Functions               1
    Statements              14
    Comments                103
    Volume (V)              270
    Difficulty (D)          3.4
    Effort to implement (E) 913
    Time to implement (T)   1 minutes
    Est Delivered Bugs (B)  0
    Cyclomatic Complexity   2
    Maintainability (MI)    98

 Segment     Used  Free
-----------  ----  ----
00000-00003     4  0  
00004-007FF    66  1978  



